{"timestamp": "2025-09-01T15:54:10.374649", "level": "INFO", "component": "agv.metrics", "message": "Metrics collector initialized", "context": {"storage_path": "metrics"}, "duration_ms": null, "error": null}
{"timestamp": "2025-09-01T15:54:10.377884", "level": "INFO", "component": "agv.validator_generator", "message": "ValidatorGenerator initialized with blueprint: BluePrint_Arquitetural.md", "context": {}, "duration_ms": null, "error": null}
{"timestamp": "2025-09-01T15:54:10.468196", "level": "INFO", "component": "agv.metrics", "message": "Metrics collector initialized", "context": {"storage_path": "metrics"}, "duration_ms": null, "error": null}
{"timestamp": "2025-09-01T15:54:10.469040", "level": "INFO", "component": "agv.generator.scaffoldgenerator", "message": "Initialized ScaffoldGenerator for project: Blueprint Arquitetural - IABANK", "context": {}, "duration_ms": null, "error": null}
{"timestamp": "2025-09-01T17:32:25.300233", "level": "INFO", "component": "agv.metrics", "message": "Metrics collector initialized", "context": {"storage_path": "metrics"}, "duration_ms": null, "error": null}
{"timestamp": "2025-09-01T17:32:25.301343", "level": "INFO", "component": "agv.validator_generator", "message": "ValidatorGenerator initialized with blueprint: BLUEPRINT_ARQUITETURAL.md", "context": {}, "duration_ms": null, "error": null}
{"timestamp": "2025-09-01T17:32:25.333056", "level": "INFO", "component": "agv.metrics", "message": "Metrics collector initialized", "context": {"storage_path": "metrics"}, "duration_ms": null, "error": null}
{"timestamp": "2025-09-01T17:32:25.333680", "level": "INFO", "component": "agv.generator.scaffoldgenerator", "message": "Initialized ScaffoldGenerator for project: Blueprint Arquitetural - IABANK", "context": {}, "duration_ms": null, "error": null}
{"timestamp": "2025-09-02T11:20:01.185295", "level": "INFO", "component": "agv.metrics", "message": "Metrics collector initialized", "context": {"storage_path": "metrics"}, "duration_ms": null, "error": null}
{"timestamp": "2025-09-02T11:20:01.186352", "level": "INFO", "component": "agv.validator_generator", "message": "ValidatorGenerator initialized with blueprint: BLUEPRINT_ARQUITETURAL.md", "context": {}, "duration_ms": null, "error": null}
{"timestamp": "2025-09-02T11:20:01.224704", "level": "INFO", "component": "agv.metrics", "message": "Metrics collector initialized", "context": {"storage_path": "metrics"}, "duration_ms": null, "error": null}
{"timestamp": "2025-09-02T11:20:01.225125", "level": "INFO", "component": "agv.generator.scaffoldgenerator", "message": "Initialized ScaffoldGenerator for project: Blueprint Arquitetural - IABANK", "context": {}, "duration_ms": null, "error": null}
{"timestamp": "2025-09-02T11:51:57.580909", "level": "INFO", "component": "agv.metrics", "message": "Metrics collector initialized", "context": {"storage_path": "metrics"}, "duration_ms": null, "error": null}
{"timestamp": "2025-09-02T11:51:57.582025", "level": "INFO", "component": "agv.validator_generator", "message": "ValidatorGenerator initialized with blueprint: BLUEPRINT_ARQUITETURAL.md", "context": {}, "duration_ms": null, "error": null}
{"timestamp": "2025-09-02T11:51:57.613921", "level": "INFO", "component": "agv.metrics", "message": "Metrics collector initialized", "context": {"storage_path": "metrics"}, "duration_ms": null, "error": null}
{"timestamp": "2025-09-02T11:51:57.614200", "level": "INFO", "component": "agv.generator.scaffoldgenerator", "message": "Initialized ScaffoldGenerator for project: Blueprint Arquitetural - IABANK", "context": {}, "duration_ms": null, "error": null}
{"timestamp": "2025-09-02T12:14:24.296126", "level": "INFO", "component": "agv.metrics", "message": "Metrics collector initialized", "context": {"storage_path": "metrics"}, "duration_ms": null, "error": null}
{"timestamp": "2025-09-02T12:14:24.298214", "level": "INFO", "component": "agv.validator_generator", "message": "ValidatorGenerator initialized with blueprint: BLUEPRINT_ARQUITETURAL.md", "context": {}, "duration_ms": null, "error": null}
{"timestamp": "2025-09-02T12:14:24.367701", "level": "INFO", "component": "agv.metrics", "message": "Metrics collector initialized", "context": {"storage_path": "metrics"}, "duration_ms": null, "error": null}
{"timestamp": "2025-09-02T12:14:24.368330", "level": "INFO", "component": "agv.generator.scaffoldgenerator", "message": "Initialized ScaffoldGenerator for project: Blueprint Arquitetural - IABANK", "context": {}, "duration_ms": null, "error": null}
{"timestamp": "2025-09-02T12:16:13.147216", "level": "INFO", "component": "agv.metrics", "message": "Metrics collector initialized", "context": {"storage_path": "metrics"}, "duration_ms": null, "error": null}
{"timestamp": "2025-09-02T12:16:13.150127", "level": "INFO", "component": "agv.validator_generator", "message": "ValidatorGenerator initialized with blueprint: BLUEPRINT_ARQUITETURAL.md", "context": {}, "duration_ms": null, "error": null}
{"timestamp": "2025-09-02T12:16:13.240575", "level": "INFO", "component": "agv.metrics", "message": "Metrics collector initialized", "context": {"storage_path": "metrics"}, "duration_ms": null, "error": null}
{"timestamp": "2025-09-02T12:16:13.241088", "level": "INFO", "component": "agv.generator.scaffoldgenerator", "message": "Initialized ScaffoldGenerator for project: Blueprint Arquitetural - IABANK", "context": {}, "duration_ms": null, "error": null}
{"timestamp": "2025-09-02T12:16:34.619524", "level": "INFO", "component": "agv.metrics", "message": "Metrics collector initialized", "context": {"storage_path": "metrics"}, "duration_ms": null, "error": null}
{"timestamp": "2025-09-02T12:16:34.621752", "level": "INFO", "component": "agv.validator_generator", "message": "ValidatorGenerator initialized with blueprint: BLUEPRINT_ARQUITETURAL.md", "context": {}, "duration_ms": null, "error": null}
{"timestamp": "2025-09-02T12:16:34.699275", "level": "INFO", "component": "agv.metrics", "message": "Metrics collector initialized", "context": {"storage_path": "metrics"}, "duration_ms": null, "error": null}
{"timestamp": "2025-09-02T12:16:34.700032", "level": "INFO", "component": "agv.generator.scaffoldgenerator", "message": "Initialized ScaffoldGenerator for project: Blueprint Arquitetural - IABANK", "context": {}, "duration_ms": null, "error": null}
{"timestamp": "2025-09-02T12:17:00.515737", "level": "INFO", "component": "agv.metrics", "message": "Metrics collector initialized", "context": {"storage_path": "metrics"}, "duration_ms": null, "error": null}
{"timestamp": "2025-09-02T12:17:00.516998", "level": "INFO", "component": "agv.validator_generator", "message": "ValidatorGenerator initialized with blueprint: BLUEPRINT_ARQUITETURAL.md", "context": {}, "duration_ms": null, "error": null}
{"timestamp": "2025-09-02T12:17:00.560349", "level": "INFO", "component": "agv.metrics", "message": "Metrics collector initialized", "context": {"storage_path": "metrics"}, "duration_ms": null, "error": null}
{"timestamp": "2025-09-02T12:17:00.560745", "level": "INFO", "component": "agv.generator.scaffoldgenerator", "message": "Initialized ScaffoldGenerator for project: Blueprint Arquitetural - IABANK", "context": {}, "duration_ms": null, "error": null}
{"timestamp": "2025-09-02T12:23:35.758644", "level": "INFO", "component": "agv.metrics", "message": "Metrics collector initialized", "context": {"storage_path": "metrics"}, "duration_ms": null, "error": null}
{"timestamp": "2025-09-02T12:23:35.760792", "level": "INFO", "component": "agv.validator_generator", "message": "ValidatorGenerator initialized with blueprint: BLUEPRINT_ARQUITETURAL.md", "context": {}, "duration_ms": null, "error": null}
{"timestamp": "2025-09-02T12:23:35.833522", "level": "INFO", "component": "agv.metrics", "message": "Metrics collector initialized", "context": {"storage_path": "metrics"}, "duration_ms": null, "error": null}
{"timestamp": "2025-09-02T12:23:35.834236", "level": "INFO", "component": "agv.generator.scaffoldgenerator", "message": "Initialized ScaffoldGenerator for project: Blueprint Arquitetural - IABANK", "context": {}, "duration_ms": null, "error": null}
{"timestamp": "2025-09-02T12:30:18.381232", "level": "INFO", "component": "agv.metrics", "message": "Metrics collector initialized", "context": {"storage_path": "metrics"}, "duration_ms": null, "error": null}
{"timestamp": "2025-09-02T12:30:18.382207", "level": "INFO", "component": "agv.validator_generator", "message": "ValidatorGenerator initialized with blueprint: BLUEPRINT_ARQUITETURAL.md", "context": {}, "duration_ms": null, "error": null}
{"timestamp": "2025-09-02T12:30:18.413107", "level": "INFO", "component": "agv.metrics", "message": "Metrics collector initialized", "context": {"storage_path": "metrics"}, "duration_ms": null, "error": null}
{"timestamp": "2025-09-02T12:30:18.413352", "level": "INFO", "component": "agv.generator.scaffoldgenerator", "message": "Initialized ScaffoldGenerator for project: Blueprint Arquitetural - IABANK", "context": {}, "duration_ms": null, "error": null}
{"timestamp": "2025-09-02T12:31:03.590272", "level": "INFO", "component": "agv.metrics", "message": "Metrics collector initialized", "context": {"storage_path": "metrics"}, "duration_ms": null, "error": null}
{"timestamp": "2025-09-02T12:31:03.591385", "level": "INFO", "component": "agv.validator_generator", "message": "ValidatorGenerator initialized with blueprint: BLUEPRINT_ARQUITETURAL.md", "context": {}, "duration_ms": null, "error": null}
{"timestamp": "2025-09-02T12:31:03.624102", "level": "INFO", "component": "agv.metrics", "message": "Metrics collector initialized", "context": {"storage_path": "metrics"}, "duration_ms": null, "error": null}
{"timestamp": "2025-09-02T12:31:03.624450", "level": "INFO", "component": "agv.generator.scaffoldgenerator", "message": "Initialized ScaffoldGenerator for project: Blueprint Arquitetural - IABANK", "context": {}, "duration_ms": null, "error": null}
{"timestamp": "2025-09-02T12:32:05.211395", "level": "INFO", "component": "agv.metrics", "message": "Metrics collector initialized", "context": {"storage_path": "metrics"}, "duration_ms": null, "error": null}
{"timestamp": "2025-09-02T12:32:05.214223", "level": "INFO", "component": "agv.validator_generator", "message": "ValidatorGenerator initialized with blueprint: BLUEPRINT_ARQUITETURAL.md", "context": {}, "duration_ms": null, "error": null}
{"timestamp": "2025-09-02T12:32:05.301336", "level": "INFO", "component": "agv.metrics", "message": "Metrics collector initialized", "context": {"storage_path": "metrics"}, "duration_ms": null, "error": null}
{"timestamp": "2025-09-02T12:32:05.302187", "level": "INFO", "component": "agv.generator.scaffoldgenerator", "message": "Initialized ScaffoldGenerator for project: Blueprint Arquitetural - IABANK", "context": {}, "duration_ms": null, "error": null}
{"timestamp": "2025-09-02T12:32:22.993019", "level": "INFO", "component": "agv.metrics", "message": "Metrics collector initialized", "context": {"storage_path": "metrics"}, "duration_ms": null, "error": null}
{"timestamp": "2025-09-02T12:32:22.994256", "level": "INFO", "component": "agv.validator_generator", "message": "ValidatorGenerator initialized with blueprint: BLUEPRINT_ARQUITETURAL.md", "context": {}, "duration_ms": null, "error": null}
{"timestamp": "2025-09-02T12:32:23.022835", "level": "INFO", "component": "agv.metrics", "message": "Metrics collector initialized", "context": {"storage_path": "metrics"}, "duration_ms": null, "error": null}
{"timestamp": "2025-09-02T12:32:23.023122", "level": "INFO", "component": "agv.generator.scaffoldgenerator", "message": "Initialized ScaffoldGenerator for project: Blueprint Arquitetural - IABANK", "context": {}, "duration_ms": null, "error": null}
{"timestamp": "2025-09-02T12:32:56.040104", "level": "INFO", "component": "agv.metrics", "message": "Metrics collector initialized", "context": {"storage_path": "metrics"}, "duration_ms": null, "error": null}
{"timestamp": "2025-09-02T12:32:56.041078", "level": "INFO", "component": "agv.validator_generator", "message": "ValidatorGenerator initialized with blueprint: BLUEPRINT_ARQUITETURAL.md", "context": {}, "duration_ms": null, "error": null}
{"timestamp": "2025-09-02T12:32:56.072565", "level": "INFO", "component": "agv.metrics", "message": "Metrics collector initialized", "context": {"storage_path": "metrics"}, "duration_ms": null, "error": null}
{"timestamp": "2025-09-02T12:32:56.072875", "level": "INFO", "component": "agv.generator.scaffoldgenerator", "message": "Initialized ScaffoldGenerator for project: Blueprint Arquitetural - IABANK", "context": {}, "duration_ms": null, "error": null}
{"timestamp": "2025-09-02T12:36:47.602270", "level": "INFO", "component": "agv.metrics", "message": "Metrics collector initialized", "context": {"storage_path": "metrics"}, "duration_ms": null, "error": null}
{"timestamp": "2025-09-02T12:36:47.603439", "level": "ERROR", "component": "agv.validator_generator", "message": "Failed to initialize ValidatorGenerator: AGV Error: Blueprint file not found: Blueprint não encontrado: ..\\BLUEPRINT_ARQUITETURAL.md\n  Component: BlueprintParser\n  Operation: read_blueprint\n  File: Blueprint não encontrado: ..\\BLUEPRINT_ARQUITETURAL.md\n  expected_path: Blueprint não encontrado: ..\\BLUEPRINT_ARQUITETURAL.md", "context": {}, "duration_ms": null, "error": null}
{"timestamp": "2025-09-02T12:36:55.693775", "level": "INFO", "component": "agv.metrics", "message": "Metrics collector initialized", "context": {"storage_path": "metrics"}, "duration_ms": null, "error": null}
{"timestamp": "2025-09-02T12:36:55.694871", "level": "INFO", "component": "agv.validator_generator", "message": "ValidatorGenerator initialized with blueprint: BLUEPRINT_ARQUITETURAL.md", "context": {}, "duration_ms": null, "error": null}
{"timestamp": "2025-09-02T12:36:55.723490", "level": "INFO", "component": "agv.metrics", "message": "Metrics collector initialized", "context": {"storage_path": "metrics"}, "duration_ms": null, "error": null}
{"timestamp": "2025-09-02T12:36:55.723730", "level": "INFO", "component": "agv.generator.scaffoldgenerator", "message": "Initialized ScaffoldGenerator for project: Blueprint Arquitetural - IABANK", "context": {}, "duration_ms": null, "error": null}
