{"timestamp": "2025-09-01T17:43:34.133941", "level": "INFO", "component": "agv.metrics", "message": "Metrics collector initialized", "context": {"storage_path": "metrics"}, "duration_ms": null, "error": null}
{"timestamp": "2025-09-01T17:43:34.135128", "level": "INFO", "component": "agv.validator_generator", "message": "ValidatorGenerator initialized with blueprint: agv-system/BLUEPRINT_ARQUITETURAL.md", "context": {}, "duration_ms": null, "error": null}
{"timestamp": "2025-09-01T17:43:34.167248", "level": "INFO", "component": "agv.metrics", "message": "Metrics collector initialized", "context": {"storage_path": "metrics"}, "duration_ms": null, "error": null}
{"timestamp": "2025-09-01T17:43:34.167653", "level": "INFO", "component": "agv.generator.scaffoldgenerator", "message": "Initialized ScaffoldGenerator for project: Blueprint Arquitetural - IABANK", "context": {}, "duration_ms": null, "error": null}
{"timestamp": "2025-09-01T17:49:47.513204", "level": "INFO", "component": "agv.metrics", "message": "Metrics collector initialized", "context": {"storage_path": "metrics"}, "duration_ms": null, "error": null}
{"timestamp": "2025-09-01T17:49:47.514786", "level": "INFO", "component": "agv.validator_generator", "message": "ValidatorGenerator initialized with blueprint: agv-system/BLUEPRINT_ARQUITETURAL.md", "context": {}, "duration_ms": null, "error": null}
{"timestamp": "2025-09-01T17:49:47.542655", "level": "INFO", "component": "agv.metrics", "message": "Metrics collector initialized", "context": {"storage_path": "metrics"}, "duration_ms": null, "error": null}
{"timestamp": "2025-09-01T17:49:47.542942", "level": "INFO", "component": "agv.generator.scaffoldgenerator", "message": "Initialized ScaffoldGenerator for project: Blueprint Arquitetural - IABANK", "context": {}, "duration_ms": null, "error": null}
{"timestamp": "2025-09-01T17:50:02.793118", "level": "INFO", "component": "agv.metrics", "message": "Metrics collector initialized", "context": {"storage_path": "metrics"}, "duration_ms": null, "error": null}
{"timestamp": "2025-09-01T17:50:02.794155", "level": "INFO", "component": "agv.validator_generator", "message": "ValidatorGenerator initialized with blueprint: agv-system/BLUEPRINT_ARQUITETURAL.md", "context": {}, "duration_ms": null, "error": null}
{"timestamp": "2025-09-01T17:50:02.823227", "level": "INFO", "component": "agv.metrics", "message": "Metrics collector initialized", "context": {"storage_path": "metrics"}, "duration_ms": null, "error": null}
{"timestamp": "2025-09-01T17:50:02.823504", "level": "INFO", "component": "agv.generator.scaffoldgenerator", "message": "Initialized ScaffoldGenerator for project: Blueprint Arquitetural - IABANK", "context": {}, "duration_ms": null, "error": null}
{"timestamp": "2025-09-01T17:54:25.527090", "level": "INFO", "component": "agv.metrics", "message": "Metrics collector initialized", "context": {"storage_path": "metrics"}, "duration_ms": null, "error": null}
{"timestamp": "2025-09-01T17:54:25.528347", "level": "INFO", "component": "agv.validator_generator", "message": "ValidatorGenerator initialized with blueprint: agv-system/BLUEPRINT_ARQUITETURAL.md", "context": {}, "duration_ms": null, "error": null}
{"timestamp": "2025-09-01T17:54:25.559868", "level": "INFO", "component": "agv.metrics", "message": "Metrics collector initialized", "context": {"storage_path": "metrics"}, "duration_ms": null, "error": null}
{"timestamp": "2025-09-01T17:54:25.560340", "level": "INFO", "component": "agv.generator.scaffoldgenerator", "message": "Initialized ScaffoldGenerator for project: Blueprint Arquitetural - IABANK", "context": {}, "duration_ms": null, "error": null}
{"timestamp": "2025-09-01T18:14:00.639172", "level": "INFO", "component": "agv.metrics", "message": "Metrics collector initialized", "context": {"storage_path": "metrics"}, "duration_ms": null, "error": null}
{"timestamp": "2025-09-01T18:14:00.641664", "level": "INFO", "component": "agv.validator_generator", "message": "ValidatorGenerator initialized with blueprint: agv-system/BLUEPRINT_ARQUITETURAL.md", "context": {}, "duration_ms": null, "error": null}
{"timestamp": "2025-09-01T18:14:00.717894", "level": "INFO", "component": "agv.metrics", "message": "Metrics collector initialized", "context": {"storage_path": "metrics"}, "duration_ms": null, "error": null}
{"timestamp": "2025-09-01T18:14:00.718864", "level": "INFO", "component": "agv.generator.scaffoldgenerator", "message": "Initialized ScaffoldGenerator for project: Blueprint Arquitetural - IABANK", "context": {}, "duration_ms": null, "error": null}
{"timestamp": "2025-09-01T19:06:07.739383", "level": "INFO", "component": "agv.metrics", "message": "Metrics collector initialized", "context": {"storage_path": "metrics"}, "duration_ms": null, "error": null}
{"timestamp": "2025-09-01T19:06:07.742273", "level": "INFO", "component": "agv.validator_generator", "message": "ValidatorGenerator initialized with blueprint: agv-system/BLUEPRINT_ARQUITETURAL.md", "context": {}, "duration_ms": null, "error": null}
{"timestamp": "2025-09-01T19:06:07.817349", "level": "INFO", "component": "agv.metrics", "message": "Metrics collector initialized", "context": {"storage_path": "metrics"}, "duration_ms": null, "error": null}
{"timestamp": "2025-09-01T19:06:07.818357", "level": "INFO", "component": "agv.generator.scaffoldgenerator", "message": "Initialized ScaffoldGenerator for project: Blueprint Arquitetural - IABANK", "context": {}, "duration_ms": null, "error": null}
{"timestamp": "2025-09-01T19:29:31.922206", "level": "INFO", "component": "agv.metrics", "message": "Metrics collector initialized", "context": {"storage_path": "metrics"}, "duration_ms": null, "error": null}
{"timestamp": "2025-09-01T19:29:31.923299", "level": "INFO", "component": "agv.validator_generator", "message": "ValidatorGenerator initialized with blueprint: agv-system/BLUEPRINT_ARQUITETURAL.md", "context": {}, "duration_ms": null, "error": null}
{"timestamp": "2025-09-01T19:29:31.952021", "level": "INFO", "component": "agv.metrics", "message": "Metrics collector initialized", "context": {"storage_path": "metrics"}, "duration_ms": null, "error": null}
{"timestamp": "2025-09-01T19:29:31.952295", "level": "INFO", "component": "agv.generator.scaffoldgenerator", "message": "Initialized ScaffoldGenerator for project: Blueprint Arquitetural - IABANK", "context": {}, "duration_ms": null, "error": null}
{"timestamp": "2025-09-01T19:30:09.726342", "level": "INFO", "component": "agv.metrics", "message": "Metrics collector initialized", "context": {"storage_path": "metrics"}, "duration_ms": null, "error": null}
{"timestamp": "2025-09-01T19:30:09.729012", "level": "INFO", "component": "agv.validator_generator", "message": "ValidatorGenerator initialized with blueprint: agv-system/BLUEPRINT_ARQUITETURAL.md", "context": {}, "duration_ms": null, "error": null}
{"timestamp": "2025-09-01T19:30:09.806306", "level": "INFO", "component": "agv.metrics", "message": "Metrics collector initialized", "context": {"storage_path": "metrics"}, "duration_ms": null, "error": null}
{"timestamp": "2025-09-01T19:30:09.807106", "level": "INFO", "component": "agv.generator.scaffoldgenerator", "message": "Initialized ScaffoldGenerator for project: Blueprint Arquitetural - IABANK", "context": {}, "duration_ms": null, "error": null}
{"timestamp": "2025-09-01T19:30:24.527412", "level": "INFO", "component": "agv.metrics", "message": "Metrics collector initialized", "context": {"storage_path": "metrics"}, "duration_ms": null, "error": null}
{"timestamp": "2025-09-01T19:30:24.529493", "level": "INFO", "component": "agv.validator_generator", "message": "ValidatorGenerator initialized with blueprint: agv-system/BLUEPRINT_ARQUITETURAL.md", "context": {}, "duration_ms": null, "error": null}
{"timestamp": "2025-09-01T19:30:24.594168", "level": "INFO", "component": "agv.metrics", "message": "Metrics collector initialized", "context": {"storage_path": "metrics"}, "duration_ms": null, "error": null}
{"timestamp": "2025-09-01T19:30:24.594704", "level": "INFO", "component": "agv.generator.scaffoldgenerator", "message": "Initialized ScaffoldGenerator for project: Blueprint Arquitetural - IABANK", "context": {}, "duration_ms": null, "error": null}
{"timestamp": "2025-09-01T19:30:54.747141", "level": "INFO", "component": "agv.metrics", "message": "Metrics collector initialized", "context": {"storage_path": "metrics"}, "duration_ms": null, "error": null}
{"timestamp": "2025-09-01T19:30:54.749928", "level": "INFO", "component": "agv.validator_generator", "message": "ValidatorGenerator initialized with blueprint: agv-system/BLUEPRINT_ARQUITETURAL.md", "context": {}, "duration_ms": null, "error": null}
{"timestamp": "2025-09-01T19:30:54.828963", "level": "INFO", "component": "agv.metrics", "message": "Metrics collector initialized", "context": {"storage_path": "metrics"}, "duration_ms": null, "error": null}
{"timestamp": "2025-09-01T19:30:54.829545", "level": "INFO", "component": "agv.generator.scaffoldgenerator", "message": "Initialized ScaffoldGenerator for project: Blueprint Arquitetural - IABANK", "context": {}, "duration_ms": null, "error": null}
{"timestamp": "2025-09-01T19:31:14.531799", "level": "INFO", "component": "agv.metrics", "message": "Metrics collector initialized", "context": {"storage_path": "metrics"}, "duration_ms": null, "error": null}
{"timestamp": "2025-09-01T19:31:14.534821", "level": "INFO", "component": "agv.validator_generator", "message": "ValidatorGenerator initialized with blueprint: agv-system/BLUEPRINT_ARQUITETURAL.md", "context": {}, "duration_ms": null, "error": null}
{"timestamp": "2025-09-01T19:31:14.622672", "level": "INFO", "component": "agv.metrics", "message": "Metrics collector initialized", "context": {"storage_path": "metrics"}, "duration_ms": null, "error": null}
{"timestamp": "2025-09-01T19:31:14.623182", "level": "INFO", "component": "agv.generator.scaffoldgenerator", "message": "Initialized ScaffoldGenerator for project: Blueprint Arquitetural - IABANK", "context": {}, "duration_ms": null, "error": null}
{"timestamp": "2025-09-01T19:31:28.781975", "level": "INFO", "component": "agv.metrics", "message": "Metrics collector initialized", "context": {"storage_path": "metrics"}, "duration_ms": null, "error": null}
{"timestamp": "2025-09-01T19:31:28.784153", "level": "INFO", "component": "agv.validator_generator", "message": "ValidatorGenerator initialized with blueprint: agv-system/BLUEPRINT_ARQUITETURAL.md", "context": {}, "duration_ms": null, "error": null}
{"timestamp": "2025-09-01T19:31:28.862211", "level": "INFO", "component": "agv.metrics", "message": "Metrics collector initialized", "context": {"storage_path": "metrics"}, "duration_ms": null, "error": null}
{"timestamp": "2025-09-01T19:31:28.862877", "level": "INFO", "component": "agv.generator.scaffoldgenerator", "message": "Initialized ScaffoldGenerator for project: Blueprint Arquitetural - IABANK", "context": {}, "duration_ms": null, "error": null}
{"timestamp": "2025-09-01T19:42:52.014121", "level": "INFO", "component": "agv.metrics", "message": "Metrics collector initialized", "context": {"storage_path": "metrics"}, "duration_ms": null, "error": null}
{"timestamp": "2025-09-01T19:42:52.015757", "level": "INFO", "component": "agv.validator_generator", "message": "ValidatorGenerator initialized with blueprint: agv-system/BLUEPRINT_ARQUITETURAL.md", "context": {}, "duration_ms": null, "error": null}
{"timestamp": "2025-09-01T19:42:52.051920", "level": "INFO", "component": "agv.metrics", "message": "Metrics collector initialized", "context": {"storage_path": "metrics"}, "duration_ms": null, "error": null}
{"timestamp": "2025-09-01T19:42:52.052303", "level": "INFO", "component": "agv.generator.scaffoldgenerator", "message": "Initialized ScaffoldGenerator for project: Blueprint Arquitetural - IABANK", "context": {}, "duration_ms": null, "error": null}
{"timestamp": "2025-09-01T19:43:09.249832", "level": "INFO", "component": "agv.metrics", "message": "Metrics collector initialized", "context": {"storage_path": "metrics"}, "duration_ms": null, "error": null}
{"timestamp": "2025-09-01T19:43:09.252076", "level": "INFO", "component": "agv.validator_generator", "message": "ValidatorGenerator initialized with blueprint: agv-system/BLUEPRINT_ARQUITETURAL.md", "context": {}, "duration_ms": null, "error": null}
{"timestamp": "2025-09-01T19:43:09.319658", "level": "INFO", "component": "agv.metrics", "message": "Metrics collector initialized", "context": {"storage_path": "metrics"}, "duration_ms": null, "error": null}
{"timestamp": "2025-09-01T19:43:09.320176", "level": "INFO", "component": "agv.generator.scaffoldgenerator", "message": "Initialized ScaffoldGenerator for project: Blueprint Arquitetural - IABANK", "context": {}, "duration_ms": null, "error": null}
{"timestamp": "2025-09-01T19:43:30.926607", "level": "INFO", "component": "agv.metrics", "message": "Metrics collector initialized", "context": {"storage_path": "metrics"}, "duration_ms": null, "error": null}
{"timestamp": "2025-09-01T19:43:30.928671", "level": "INFO", "component": "agv.validator_generator", "message": "ValidatorGenerator initialized with blueprint: agv-system/BLUEPRINT_ARQUITETURAL.md", "context": {}, "duration_ms": null, "error": null}
{"timestamp": "2025-09-01T19:43:31.006447", "level": "INFO", "component": "agv.metrics", "message": "Metrics collector initialized", "context": {"storage_path": "metrics"}, "duration_ms": null, "error": null}
{"timestamp": "2025-09-01T19:43:31.007203", "level": "INFO", "component": "agv.generator.scaffoldgenerator", "message": "Initialized ScaffoldGenerator for project: Blueprint Arquitetural - IABANK", "context": {}, "duration_ms": null, "error": null}
{"timestamp": "2025-09-01T19:47:06.093763", "level": "INFO", "component": "agv.metrics", "message": "Metrics collector initialized", "context": {"storage_path": "metrics"}, "duration_ms": null, "error": null}
{"timestamp": "2025-09-01T19:47:06.094859", "level": "INFO", "component": "agv.validator_generator", "message": "ValidatorGenerator initialized with blueprint: agv-system/BLUEPRINT_ARQUITETURAL.md", "context": {}, "duration_ms": null, "error": null}
{"timestamp": "2025-09-01T19:47:06.123706", "level": "INFO", "component": "agv.metrics", "message": "Metrics collector initialized", "context": {"storage_path": "metrics"}, "duration_ms": null, "error": null}
{"timestamp": "2025-09-01T19:47:06.123971", "level": "INFO", "component": "agv.generator.scaffoldgenerator", "message": "Initialized ScaffoldGenerator for project: Blueprint Arquitetural - IABANK", "context": {}, "duration_ms": null, "error": null}
{"timestamp": "2025-09-01T19:53:18.604172", "level": "INFO", "component": "agv.metrics", "message": "Metrics collector initialized", "context": {"storage_path": "metrics"}, "duration_ms": null, "error": null}
{"timestamp": "2025-09-01T19:53:18.605667", "level": "INFO", "component": "agv.validator_generator", "message": "ValidatorGenerator initialized with blueprint: agv-system/BLUEPRINT_ARQUITETURAL.md", "context": {}, "duration_ms": null, "error": null}
{"timestamp": "2025-09-01T19:53:18.635500", "level": "INFO", "component": "agv.metrics", "message": "Metrics collector initialized", "context": {"storage_path": "metrics"}, "duration_ms": null, "error": null}
{"timestamp": "2025-09-01T19:53:18.635767", "level": "INFO", "component": "agv.generator.scaffoldgenerator", "message": "Initialized ScaffoldGenerator for project: Blueprint Arquitetural - IABANK", "context": {}, "duration_ms": null, "error": null}
{"timestamp": "2025-09-01T19:54:31.140937", "level": "INFO", "component": "agv.metrics", "message": "Metrics collector initialized", "context": {"storage_path": "metrics"}, "duration_ms": null, "error": null}
{"timestamp": "2025-09-01T19:54:31.142209", "level": "INFO", "component": "agv.validator_generator", "message": "ValidatorGenerator initialized with blueprint: agv-system/BLUEPRINT_ARQUITETURAL.md", "context": {}, "duration_ms": null, "error": null}
{"timestamp": "2025-09-01T19:54:31.174586", "level": "INFO", "component": "agv.metrics", "message": "Metrics collector initialized", "context": {"storage_path": "metrics"}, "duration_ms": null, "error": null}
{"timestamp": "2025-09-01T19:54:31.174971", "level": "INFO", "component": "agv.generator.scaffoldgenerator", "message": "Initialized ScaffoldGenerator for project: Blueprint Arquitetural - IABANK", "context": {}, "duration_ms": null, "error": null}
{"timestamp": "2025-09-01T20:15:03.040859", "level": "INFO", "component": "agv.metrics", "message": "Metrics collector initialized", "context": {"storage_path": "metrics"}, "duration_ms": null, "error": null}
{"timestamp": "2025-09-01T20:15:03.043225", "level": "INFO", "component": "agv.validator_generator", "message": "ValidatorGenerator initialized with blueprint: agv-system/BLUEPRINT_ARQUITETURAL.md", "context": {}, "duration_ms": null, "error": null}
{"timestamp": "2025-09-01T20:15:03.107229", "level": "INFO", "component": "agv.metrics", "message": "Metrics collector initialized", "context": {"storage_path": "metrics"}, "duration_ms": null, "error": null}
{"timestamp": "2025-09-01T20:15:03.107723", "level": "INFO", "component": "agv.generator.scaffoldgenerator", "message": "Initialized ScaffoldGenerator for project: Blueprint Arquitetural - IABANK", "context": {}, "duration_ms": null, "error": null}
{"timestamp": "2025-09-01T20:15:18.302574", "level": "INFO", "component": "agv.metrics", "message": "Metrics collector initialized", "context": {"storage_path": "metrics"}, "duration_ms": null, "error": null}
{"timestamp": "2025-09-01T20:15:18.303635", "level": "INFO", "component": "agv.validator_generator", "message": "ValidatorGenerator initialized with blueprint: agv-system/BLUEPRINT_ARQUITETURAL.md", "context": {}, "duration_ms": null, "error": null}
{"timestamp": "2025-09-01T20:15:18.331007", "level": "INFO", "component": "agv.metrics", "message": "Metrics collector initialized", "context": {"storage_path": "metrics"}, "duration_ms": null, "error": null}
{"timestamp": "2025-09-01T20:15:18.331274", "level": "INFO", "component": "agv.generator.scaffoldgenerator", "message": "Initialized ScaffoldGenerator for project: Blueprint Arquitetural - IABANK", "context": {}, "duration_ms": null, "error": null}
{"timestamp": "2025-09-01T20:21:12.676558", "level": "INFO", "component": "agv.metrics", "message": "Metrics collector initialized", "context": {"storage_path": "metrics"}, "duration_ms": null, "error": null}
{"timestamp": "2025-09-01T20:21:12.678996", "level": "INFO", "component": "agv.validator_generator", "message": "ValidatorGenerator initialized with blueprint: agv-system/BLUEPRINT_ARQUITETURAL.md", "context": {}, "duration_ms": null, "error": null}
{"timestamp": "2025-09-01T20:21:12.759694", "level": "INFO", "component": "agv.metrics", "message": "Metrics collector initialized", "context": {"storage_path": "metrics"}, "duration_ms": null, "error": null}
{"timestamp": "2025-09-01T20:21:12.760190", "level": "INFO", "component": "agv.generator.scaffoldgenerator", "message": "Initialized ScaffoldGenerator for project: Blueprint Arquitetural - IABANK", "context": {}, "duration_ms": null, "error": null}
{"timestamp": "2025-09-01T20:22:15.770044", "level": "INFO", "component": "agv.metrics", "message": "Metrics collector initialized", "context": {"storage_path": "metrics"}, "duration_ms": null, "error": null}
{"timestamp": "2025-09-01T20:22:15.772188", "level": "INFO", "component": "agv.validator_generator", "message": "ValidatorGenerator initialized with blueprint: agv-system/BLUEPRINT_ARQUITETURAL.md", "context": {}, "duration_ms": null, "error": null}
{"timestamp": "2025-09-01T20:22:15.844905", "level": "INFO", "component": "agv.metrics", "message": "Metrics collector initialized", "context": {"storage_path": "metrics"}, "duration_ms": null, "error": null}
{"timestamp": "2025-09-01T20:22:15.845506", "level": "INFO", "component": "agv.generator.scaffoldgenerator", "message": "Initialized ScaffoldGenerator for project: Blueprint Arquitetural - IABANK", "context": {}, "duration_ms": null, "error": null}
{"timestamp": "2025-09-01T20:23:53.125158", "level": "INFO", "component": "agv.metrics", "message": "Metrics collector initialized", "context": {"storage_path": "metrics"}, "duration_ms": null, "error": null}
{"timestamp": "2025-09-01T20:23:53.126335", "level": "INFO", "component": "agv.validator_generator", "message": "ValidatorGenerator initialized with blueprint: agv-system/BLUEPRINT_ARQUITETURAL.md", "context": {}, "duration_ms": null, "error": null}
{"timestamp": "2025-09-01T20:23:53.157084", "level": "INFO", "component": "agv.metrics", "message": "Metrics collector initialized", "context": {"storage_path": "metrics"}, "duration_ms": null, "error": null}
{"timestamp": "2025-09-01T20:23:53.157468", "level": "INFO", "component": "agv.generator.scaffoldgenerator", "message": "Initialized ScaffoldGenerator for project: Blueprint Arquitetural - IABANK", "context": {}, "duration_ms": null, "error": null}
{"timestamp": "2025-09-01T20:59:58.096618", "level": "INFO", "component": "agv.metrics", "message": "Metrics collector initialized", "context": {"storage_path": "metrics"}, "duration_ms": null, "error": null}
{"timestamp": "2025-09-01T20:59:58.097771", "level": "ERROR", "component": "agv.validator_generator", "message": "Failed to initialize ValidatorGenerator: AGV Error: Permission denied: [Errno 13] Permission denied: 'iabank'\n  Component: ModularValidatorGenerator\n  Operation: __init__\n  Original: PermissionError: [Errno 13] Permission denied: 'iabank'", "context": {}, "duration_ms": null, "error": null}
{"timestamp": "2025-09-01T21:11:32.021937", "level": "INFO", "component": "agv.metrics", "message": "Metrics collector initialized", "context": {"storage_path": "metrics"}, "duration_ms": null, "error": null}
{"timestamp": "2025-09-01T21:11:32.023247", "level": "ERROR", "component": "agv.validator_generator", "message": "Failed to initialize ValidatorGenerator: AGV Error: Permission denied: [Errno 13] Permission denied: 'iabank'\n  Component: ModularValidatorGenerator\n  Operation: __init__\n  Original: PermissionError: [Errno 13] Permission denied: 'iabank'", "context": {}, "duration_ms": null, "error": null}
{"timestamp": "2025-09-01T21:11:43.675993", "level": "INFO", "component": "agv.metrics", "message": "Metrics collector initialized", "context": {"storage_path": "metrics"}, "duration_ms": null, "error": null}
{"timestamp": "2025-09-01T21:11:43.678201", "level": "INFO", "component": "agv.validator_generator", "message": "ValidatorGenerator initialized with blueprint: C:\\Users\\Antonio\\Desktop\\IABANK\\agv-system\\BLUEPRINT_ARQUITETURAL.md", "context": {}, "duration_ms": null, "error": null}
{"timestamp": "2025-09-01T21:11:43.742251", "level": "INFO", "component": "agv.metrics", "message": "Metrics collector initialized", "context": {"storage_path": "metrics"}, "duration_ms": null, "error": null}
{"timestamp": "2025-09-01T21:11:43.742880", "level": "INFO", "component": "agv.generator.scaffoldgenerator", "message": "Initialized ScaffoldGenerator for project: Blueprint Arquitetural - IABANK", "context": {}, "duration_ms": null, "error": null}
{"timestamp": "2025-09-01T21:13:57.724425", "level": "INFO", "component": "agv.metrics", "message": "Metrics collector initialized", "context": {"storage_path": "metrics"}, "duration_ms": null, "error": null}
{"timestamp": "2025-09-01T21:13:57.726986", "level": "INFO", "component": "agv.validator_generator", "message": "ValidatorGenerator initialized with blueprint: agv-system/BLUEPRINT_ARQUITETURAL.md", "context": {}, "duration_ms": null, "error": null}
{"timestamp": "2025-09-01T21:13:57.798459", "level": "INFO", "component": "agv.metrics", "message": "Metrics collector initialized", "context": {"storage_path": "metrics"}, "duration_ms": null, "error": null}
{"timestamp": "2025-09-01T21:13:57.799402", "level": "INFO", "component": "agv.generator.scaffoldgenerator", "message": "Initialized ScaffoldGenerator for project: Blueprint Arquitetural - IABANK", "context": {}, "duration_ms": null, "error": null}
{"timestamp": "2025-09-01T21:21:57.876061", "level": "INFO", "component": "agv.metrics", "message": "Metrics collector initialized", "context": {"storage_path": "metrics"}, "duration_ms": null, "error": null}
{"timestamp": "2025-09-01T21:21:57.878357", "level": "INFO", "component": "agv.validator_generator", "message": "ValidatorGenerator initialized with blueprint: C:\\Users\\Antonio\\Desktop\\IABANK\\agv-system\\BLUEPRINT_ARQUITETURAL.md", "context": {}, "duration_ms": null, "error": null}
{"timestamp": "2025-09-01T21:21:57.947107", "level": "INFO", "component": "agv.metrics", "message": "Metrics collector initialized", "context": {"storage_path": "metrics"}, "duration_ms": null, "error": null}
{"timestamp": "2025-09-01T21:21:57.947822", "level": "INFO", "component": "agv.generator.scaffoldgenerator", "message": "Initialized ScaffoldGenerator for project: Blueprint Arquitetural - IABANK", "context": {}, "duration_ms": null, "error": null}
{"timestamp": "2025-09-01T21:24:09.079523", "level": "INFO", "component": "agv.metrics", "message": "Metrics collector initialized", "context": {"storage_path": "metrics"}, "duration_ms": null, "error": null}
{"timestamp": "2025-09-01T21:24:09.081306", "level": "INFO", "component": "agv.validator_generator", "message": "ValidatorGenerator initialized with blueprint: agv-system/BLUEPRINT_ARQUITETURAL.md", "context": {}, "duration_ms": null, "error": null}
{"timestamp": "2025-09-01T21:24:09.122953", "level": "INFO", "component": "agv.metrics", "message": "Metrics collector initialized", "context": {"storage_path": "metrics"}, "duration_ms": null, "error": null}
{"timestamp": "2025-09-01T21:24:09.123494", "level": "INFO", "component": "agv.generator.scaffoldgenerator", "message": "Initialized ScaffoldGenerator for project: Blueprint Arquitetural - IABANK", "context": {}, "duration_ms": null, "error": null}
{"timestamp": "2025-09-02T12:25:34.988370", "level": "INFO", "component": "agv.metrics", "message": "Metrics collector initialized", "context": {"storage_path": "metrics"}, "duration_ms": null, "error": null}
{"timestamp": "2025-09-02T12:25:34.991533", "level": "INFO", "component": "agv.validator_generator", "message": "ValidatorGenerator initialized with blueprint: agv-system/BLUEPRINT_ARQUITETURAL.md", "context": {}, "duration_ms": null, "error": null}
{"timestamp": "2025-09-02T12:25:35.064957", "level": "INFO", "component": "agv.metrics", "message": "Metrics collector initialized", "context": {"storage_path": "metrics"}, "duration_ms": null, "error": null}
{"timestamp": "2025-09-02T12:25:35.065690", "level": "INFO", "component": "agv.generator.scaffoldgenerator", "message": "Initialized ScaffoldGenerator for project: Blueprint Arquitetural - IABANK", "context": {}, "duration_ms": null, "error": null}
{"timestamp": "2025-09-02T12:38:28.501471", "level": "INFO", "component": "agv.metrics", "message": "Metrics collector initialized", "context": {"storage_path": "metrics"}, "duration_ms": null, "error": null}
{"timestamp": "2025-09-02T12:38:28.503777", "level": "INFO", "component": "agv.validator_generator", "message": "ValidatorGenerator initialized with blueprint: agv-system/BLUEPRINT_ARQUITETURAL.md", "context": {}, "duration_ms": null, "error": null}
{"timestamp": "2025-09-02T12:38:28.579460", "level": "INFO", "component": "agv.metrics", "message": "Metrics collector initialized", "context": {"storage_path": "metrics"}, "duration_ms": null, "error": null}
{"timestamp": "2025-09-02T12:38:28.580195", "level": "INFO", "component": "agv.generator.scaffoldgenerator", "message": "Initialized ScaffoldGenerator for project: Blueprint Arquitetural - IABANK", "context": {}, "duration_ms": null, "error": null}
{"timestamp": "2025-09-02T12:39:34.914358", "level": "INFO", "component": "agv.metrics", "message": "Metrics collector initialized", "context": {"storage_path": "metrics"}, "duration_ms": null, "error": null}
{"timestamp": "2025-09-02T12:39:34.916925", "level": "INFO", "component": "agv.validator_generator", "message": "ValidatorGenerator initialized with blueprint: agv-system/BLUEPRINT_ARQUITETURAL.md", "context": {}, "duration_ms": null, "error": null}
{"timestamp": "2025-09-02T12:39:34.990202", "level": "INFO", "component": "agv.metrics", "message": "Metrics collector initialized", "context": {"storage_path": "metrics"}, "duration_ms": null, "error": null}
{"timestamp": "2025-09-02T12:39:34.991150", "level": "INFO", "component": "agv.generator.scaffoldgenerator", "message": "Initialized ScaffoldGenerator for project: Blueprint Arquitetural - IABANK", "context": {}, "duration_ms": null, "error": null}
